<?xml version="1.0" encoding="UTF-8"?>
<!-- Generated by org.testng.reporters.JUnitReportReporter -->
<testsuite hostname="DESKTOP-QRB56CU" name="git_pack.Git_repo_test1" tests="1" failures="0" timestamp="16 Dec 2021 06:56:23 GMT" time="3.870" errors="0">
  <testcase name="test_method" time="3.870" classname="git_pack.Git_repo_test1"/>
</testsuite> <!-- git_pack.Git_repo_test1 -->
